<?xml version="1.0" encoding="UTF-8"?>
<!-- Generated by org.testng.reporters.JUnitReportReporter -->
<testsuite hostname="LAPTOP-EG336HHP" failures="0" tests="1" name="script.PositionofSupplier" time="7.587" errors="0" timestamp="2025-02-06T12:29:43 IST" skipped="0">
  <testcase classname="script.PositionofSupplier" name="testPositionofSupplier" time="7.587">
    <system-out>
      <![CDATA[Suppliers icon is present as 4th icon]]>
    </system-out>
  </testcase> <!-- testPositionofSupplier -->
  <system-out>
    <![CDATA[Suppliers icon is present as 4th icon]]>
  </system-out>
</testsuite> <!-- script.PositionofSupplier -->
