<?xml version="1.0" encoding="UTF-8"?>
<!-- Generated by org.testng.reporters.JUnitReportReporter -->
<testsuite hostname="LAPTOP-EG336HHP" failures="0" tests="1" name="script.InvalidLogin" time="6.661" errors="0" timestamp="2025-02-01T07:17:57 IST" skipped="0">
  <testcase classname="script.InvalidLogin" name="testInvalidLogin" time="6.661">
    <system-out>
      <![CDATA[errMsg is Dislpayed:Invalid username and/or password.]]>
    </system-out>
  </testcase> <!-- testInvalidLogin -->
  <system-out>
    <![CDATA[errMsg is Dislpayed:Invalid username and/or password.]]>
  </system-out>
</testsuite> <!-- script.InvalidLogin -->
