<?xml version="1.0" encoding="UTF-8"?>
<!-- Generated by org.testng.reporters.JUnitReportReporter -->
<testsuite hostname="LAPTOP-EG336HHP" failures="0" tests="1" name="script.VerifyFieldsDisplayedInUpdateSupplier" time="13.334" errors="0" timestamp="2025-04-14T13:24:51 IST" skipped="0">
  <testcase classname="script.VerifyFieldsDisplayedInUpdateSupplier" name="testVerifyFieldsDisplayedInUpdateSupplier" time="13.334"/>
</testsuite> <!-- script.VerifyFieldsDisplayedInUpdateSupplier -->
