<?xml version="1.0" encoding="UTF-8"?>
<!-- Generated by org.testng.reporters.JUnitReportReporter -->
<testsuite hostname="LAPTOP-EG336HHP" failures="0" tests="1" name="script.DemoTest" time="5.069" errors="0" timestamp="2024-10-09T19:27:42 IST" skipped="0">
  <testcase classname="script.DemoTest" name="test" time="5.069">
    <system-out>
      <![CDATA[Google]]>
    </system-out>
  </testcase> <!-- test -->
  <system-out>
    <![CDATA[Google]]>
  </system-out>
</testsuite> <!-- script.DemoTest -->
