<?xml version="1.0" encoding="UTF-8"?>
<!-- Generated by org.testng.reporters.JUnitReportReporter -->
<testsuite hostname="LAPTOP-EG336HHP" failures="0" tests="1" name="script.DeleteASupplier" time="8.910" errors="0" timestamp="2025-02-06T20:23:42 IST" skipped="0">
  <testcase classname="script.DeleteASupplier" name="testDeleteASupplier" time="8.910">
    <system-out>
      <![CDATA[You have successfully deleted 1 Supplier(s)]]>
    </system-out>
  </testcase> <!-- testDeleteASupplier -->
  <system-out>
    <![CDATA[You have successfully deleted 1 Supplier(s)]]>
  </system-out>
</testsuite> <!-- script.DeleteASupplier -->
