<?xml version="1.0" encoding="UTF-8"?>
<!-- Generated by org.testng.reporters.JUnitReportReporter -->
<testsuite hostname="LAPTOP-EG336HHP" failures="0" tests="1" name="script.VerfiyAllIconsInHomePage" time="10.022" errors="0" timestamp="2025-04-14T14:05:02 IST" skipped="0">
  <testcase classname="script.VerfiyAllIconsInHomePage" name="testVerfiyAllIconsInHomePage" time="10.022"/>
</testsuite> <!-- script.VerfiyAllIconsInHomePage -->
