<?xml version="1.0" encoding="UTF-8"?>
<!-- Generated by org.testng.reporters.JUnitReportReporter -->
<testsuite hostname="LAPTOP-EG336HHP" failures="0" tests="1" name="script.ValidLogin" time="10.531" errors="0" timestamp="2025-01-31T13:35:22 IST" skipped="0">
  <testcase classname="script.ValidLogin" name="testValidLogin" time="10.531">
    <system-out>
      <![CDATA[Homepage is Dislpayed]]>
    </system-out>
  </testcase> <!-- testValidLogin -->
  <system-out>
    <![CDATA[Homepage is Dislpayed]]>
  </system-out>
</testsuite> <!-- script.ValidLogin -->
