<?xml version="1.0" encoding="UTF-8"?>
<!-- Generated by org.testng.reporters.JUnitReportReporter -->
<testsuite hostname="LAPTOP-EG336HHP" failures="0" tests="1" name="script.ValidLogin" time="9.700" errors="0" timestamp="2024-10-13T11:52:08 IST" skipped="0">
  <testcase classname="script.ValidLogin" name="testValidLogin" time="9.700">
    <system-out>
      <![CDATA[Homepage is Dislpayed]]>
    </system-out>
  </testcase> <!-- testValidLogin -->
  <system-out>
    <![CDATA[Homepage is Dislpayed]]>
  </system-out>
</testsuite> <!-- script.ValidLogin -->
