<?xml version="1.0" encoding="UTF-8"?>
<!-- Generated by org.testng.reporters.JUnitReportReporter -->
<testsuite hostname="LAPTOP-EG336HHP" failures="0" tests="1" name="script.CreateNewSupplier" time="9.527" errors="0" timestamp="2025-02-06T20:38:34 IST" skipped="0">
  <testcase classname="script.CreateNewSupplier" name="testCreateNewSupplier" time="9.527">
    <system-out>
      <![CDATA[You have successfully added Supplier parle0.0]]>
    </system-out>
  </testcase> <!-- testCreateNewSupplier -->
  <system-out>
    <![CDATA[You have successfully added Supplier parle0.0]]>
  </system-out>
</testsuite> <!-- script.CreateNewSupplier -->
