<?xml version="1.0" encoding="UTF-8"?>
<!-- Generated by org.testng.reporters.JUnitReportReporter -->
<testsuite hostname="LAPTOP-EG336HHP" failures="0" tests="1" name="script.UpdateSupplierPopUp" time="11.646" errors="0" timestamp="2025-04-14T13:00:38 IST" skipped="0">
  <testcase classname="script.UpdateSupplierPopUp" name="testUpdateSupplierPopUp" time="11.646">
    <system-out>
      <![CDATA[Update Supplier page is displayed]]>
    </system-out>
  </testcase> <!-- testUpdateSupplierPopUp -->
  <system-out>
    <![CDATA[Update Supplier page is displayed]]>
  </system-out>
</testsuite> <!-- script.UpdateSupplierPopUp -->
