<?xml version="1.0" encoding="UTF-8"?>
<!-- Generated by org.testng.reporters.JUnitReportReporter -->
<testsuite hostname="LAPTOP-EG336HHP" failures="0" tests="1" name="script.VerifySupplierPage" time="11.573" errors="0" timestamp="2025-02-06T12:55:23 IST" skipped="0">
  <testcase classname="script.VerifySupplierPage" name="testVerifySupplierPage" time="11.573">
    <system-out>
      <![CDATA[Appilcation is in Supplier Page]]>
    </system-out>
  </testcase> <!-- testVerifySupplierPage -->
  <system-out>
    <![CDATA[Appilcation is in Supplier Page]]>
  </system-out>
</testsuite> <!-- script.VerifySupplierPage -->
