<?xml version="1.0" encoding="UTF-8"?>
<!-- Generated by org.testng.reporters.JUnitReportReporter -->
<testsuite hostname="LAPTOP-EG336HHP" failures="0" tests="1" name="script.VerfiyAllIconsOfTabularColumn" time="8.215" errors="0" timestamp="2025-04-12T18:20:02 IST" skipped="0">
  <testcase classname="script.VerfiyAllIconsOfTabularColumn" name="testVerfiyAllIconsOfTabularColumn" time="8.215"/>
</testsuite> <!-- script.VerfiyAllIconsOfTabularColumn -->
